[debug] [2018-08-03T04:11:49.915Z] ----------------------------------------------------------------------
[debug] [2018-08-03T04:11:49.917Z] Command:       /usr/local/bin/node /usr/local/bin/firebase deploy
[debug] [2018-08-03T04:11:49.917Z] CLI Version:   4.0.0
[debug] [2018-08-03T04:11:49.917Z] Platform:      darwin
[debug] [2018-08-03T04:11:49.917Z] Node Version:  v10.6.0
[debug] [2018-08-03T04:11:49.917Z] Time:          Thu Aug 02 2018 21:11:49 GMT-0700 (Pacific Daylight Time)
[debug] [2018-08-03T04:11:49.917Z] ----------------------------------------------------------------------
[debug] 
[debug] [2018-08-03T04:11:49.927Z] > command requires scopes: ["email","openid","https://www.googleapis.com/auth/cloudplatformprojects.readonly","https://www.googleapis.com/auth/firebase","https://www.googleapis.com/auth/cloud-platform"]
[debug] [2018-08-03T04:11:49.927Z] > authorizing via signed-in user
[debug] [2018-08-03T04:11:49.929Z] > refreshing access token with scopes: ["email","https://www.googleapis.com/auth/cloud-platform","https://www.googleapis.com/auth/cloudplatformprojects.readonly","https://www.googleapis.com/auth/firebase","openid"]
[debug] [2018-08-03T04:11:49.929Z] >>> HTTP REQUEST POST https://www.googleapis.com/oauth2/v3/token  
 { refresh_token:
   '1/qo3KPv8oWkEZQtiBm466Ju7GJN7o0DArpbP5fnli7fZpFYznp6QVg5dEKO_f1LsS',
  client_id:
   '563584335869-fgrhgmd47bqnekij5i8b5pr03ho849e6.apps.googleusercontent.com',
  client_secret: 'j9iVZfS8kkCEFUPaAeJV0sAi',
  grant_type: 'refresh_token',
  scope:
   'email https://www.googleapis.com/auth/cloud-platform https://www.googleapis.com/auth/cloudplatformprojects.readonly https://www.googleapis.com/auth/firebase openid' } 
 Thu Aug 02 2018 21:11:49 GMT-0700 (Pacific Daylight Time)
[debug] [2018-08-03T04:11:50.331Z] <<< HTTP RESPONSE 200
[debug] [2018-08-03T04:11:50.347Z] >>> HTTP REQUEST GET https://admin.firebase.com/v1/projects/contractor-s-business-manager  
  
 Thu Aug 02 2018 21:11:50 GMT-0700 (Pacific Daylight Time)
[debug] [2018-08-03T04:11:50.844Z] <<< HTTP RESPONSE 200
[debug] [2018-08-03T04:11:50.845Z] >>> HTTP REQUEST GET https://admin.firebase.com/v1/database/contractor-s-business-manager/tokens  
  
 Thu Aug 02 2018 21:11:50 GMT-0700 (Pacific Daylight Time)
[debug] [2018-08-03T04:11:51.276Z] <<< HTTP RESPONSE 200
[info] 
[info] === Deploying to 'contractor-s-business-manager'...
[info] 
[info] i  deploying database, functions, hosting
[info] i  database: checking rules syntax...
[debug] [2018-08-03T04:11:53.701Z] >>> HTTP REQUEST PUT https://contractor-s-business-manager.firebaseio.com/.settings/rules.json?dryRun=true  
 {
  "rules": {
    ".read": "auth != null",
    ".write": "auth != null"
  }
} 
 Thu Aug 02 2018 21:11:53 GMT-0700 (Pacific Daylight Time)
[debug] [2018-08-03T04:11:54.051Z] <<< HTTP RESPONSE 200
[info] ✔  database: rules syntax for database contractor-s-business-manager is valid
[debug] [2018-08-03T04:11:54.053Z] > [functions] package.json contents: {
  "name": "functions",
  "description": "Cloud Functions for Firebase",
  "scripts": {
    "serve": "sudo firebase serve --only functions",
    "shell": "firebase functions:shell",
    "start": "npm run shell",
    "deploy": "firebase deploy --only functions",
    "logs": "firebase functions:log"
  },
  "dependencies": {
    "firebase-admin": "~5.13.0",
    "firebase-functions": "^2.0.2",
    "crypto-random-string": "1.0.0"
  },
  "private": true
}
[info] i  functions: ensuring necessary APIs are enabled...
[debug] [2018-08-03T04:11:54.054Z] >>> HTTP REQUEST GET https://servicemanagement.googleapis.com/v1/services/cloudfunctions.googleapis.com/projectSettings/contractor-s-business-manager?view=CONSUMER_VIEW  
  
 Thu Aug 02 2018 21:11:54 GMT-0700 (Pacific Daylight Time)
[debug] [2018-08-03T04:11:54.055Z] >>> HTTP REQUEST GET https://servicemanagement.googleapis.com/v1/services/runtimeconfig.googleapis.com/projectSettings/contractor-s-business-manager?view=CONSUMER_VIEW  
  
 Thu Aug 02 2018 21:11:54 GMT-0700 (Pacific Daylight Time)
[debug] [2018-08-03T04:11:55.083Z] <<< HTTP RESPONSE 200
[debug] [2018-08-03T04:11:55.156Z] <<< HTTP RESPONSE 200
[info] ✔  functions: all necessary APIs are enabled
[debug] [2018-08-03T04:11:55.157Z] >>> HTTP REQUEST GET https://cloudresourcemanager.googleapis.com/v1/projects/contractor-s-business-manager  
  
 Thu Aug 02 2018 21:11:55 GMT-0700 (Pacific Daylight Time)
[debug] [2018-08-03T04:11:56.163Z] <<< HTTP RESPONSE 200
[debug] [2018-08-03T04:11:56.164Z] >>> HTTP REQUEST GET https://mobilesdk-pa.googleapis.com/v1/projects/843216091731:getServerAppConfig  
  
 Thu Aug 02 2018 21:11:56 GMT-0700 (Pacific Daylight Time)
[debug] [2018-08-03T04:11:56.903Z] <<< HTTP RESPONSE 200
[info] i  functions: preparing functions directory for uploading...
[debug] [2018-08-03T04:11:56.906Z] >>> HTTP REQUEST GET https://runtimeconfig.googleapis.com/v1beta1/projects/contractor-s-business-manager/configs  
  
 Thu Aug 02 2018 21:11:56 GMT-0700 (Pacific Daylight Time)
[debug] [2018-08-03T04:11:57.421Z] <<< HTTP RESPONSE 200
[info] i  functions: packaged functions (52.18 KB) for uploading
[debug] [2018-08-03T04:11:57.656Z] >>> HTTP REQUEST POST https://cloudfunctions.googleapis.com/v1/projects/contractor-s-business-manager/locations/us-central1/functions:generateUploadUrl  
  
 Thu Aug 02 2018 21:11:57 GMT-0700 (Pacific Daylight Time)
[debug] [2018-08-03T04:11:58.487Z] <<< HTTP RESPONSE 200
[debug] [2018-08-03T04:11:58.488Z] >>> HTTP REQUEST PUT https://storage.googleapis.com/gcf-upload-us-central1-12d2f005-3e5b-4c04-9114-98b247a12cde/af7dca02-587d-4958-b417-4312542e26ce.zip?GoogleAccessId=service-843216091731@gcf-admin-robot.iam.gserviceaccount.com&Expires=1533271318&Signature=O8T4Ux%2Bz3%2BbOr1lEK8CvIXJaPXGXx7WTJhB176p191Idwz5ku7dVETMa9NjzRRSBNDRcnCKAOxurMAP%2Bo5g0q620TBfWhFcPkQtscAP6krTyRVF3wmYUyauyqQ46E0nnb%2B1aw%2BZAOrtf9gfdVQmjRrZZ14uhOSXF8hR8g3RgsB4vyzNUp1AKqoNgr%2FKcr8yNqcOXH2CsnaWg0q8wXGI2aOduB%2FaVTAVd271uzi6z4irFc0FTvSv1tILjwkPgQyC1%2B8ctSfaeI1pv%2Fp4xtAl%2BMuIXXOZ3sq%2FX5pSTxCD57tmuV8thx47JDAnRcd3FQ3YEheJBk%2B%2BWhQ4kmKlkY2DStw%3D%3D  
 ReadStream {
  _readableState:
   ReadableState {
     objectMode: false,
     highWaterMark: 65536,
     buffer: BufferList { length: 1 },
     length: 53437,
     pipes: null,
     pipesCount: 0,
     flowing: null,
     ended: true,
     endEmitted: false,
     reading: false,
     sync: false,
     needReadable: false,
     emittedReadable: true,
     readableListening: false,
     resumeScheduled: false,
     emitClose: false,
     destroyed: false,
     defaultEncoding: 'utf8',
     awaitDrain: 0,
     readingMore: false,
     decoder: null,
     encoding: null },
  readable: true,
  domain: null,
  _events: { end: [Function] },
  _eventsCount: 1,
  _maxListeners: undefined,
  path:
   '/var/folders/k_/tyk02jgd0x54k1ld9n3c9h200000gn/T/firebase-functions-16023CYc70ZAJvOeY.zip',
  fd: 19,
  flags: 'r',
  mode: 438,
  start: undefined,
  end: Infinity,
  autoClose: true,
  pos: undefined,
  bytesRead: 53437,
  closed: false } 
 Thu Aug 02 2018 21:11:58 GMT-0700 (Pacific Daylight Time)
[debug] [2018-08-03T04:11:59.442Z] <<< HTTP RESPONSE 200
[info] ✔  functions: functions folder uploaded successfully
[info] i  hosting: preparing public directory for upload...
[debug] [2018-08-03T04:11:59.480Z] >>> HTTP REQUEST PUT https://deploy.firebase.com/v1/hosting/contractor-s-business-manager/uploads/-LIxz18BT9TsXeuFUyj9?fileCount=27&message=  
  
 Thu Aug 02 2018 21:11:59 GMT-0700 (Pacific Daylight Time)
[debug] [2018-08-03T04:12:00.277Z] <<< HTTP RESPONSE 200
[debug] [2018-08-03T04:12:00.278Z] [hosting] .tgz uploaded successfully, waiting for extraction
[info] ✔  hosting: 27 files uploaded successfully
[debug] [2018-08-03T04:12:01.035Z] [hosting] deploy completed after 1592ms
[info] i  database: releasing rules...
[debug] [2018-08-03T04:12:01.351Z] >>> HTTP REQUEST PUT https://contractor-s-business-manager.firebaseio.com/.settings/rules.json  
 {
  "rules": {
    ".read": "auth != null",
    ".write": "auth != null"
  }
} 
 Thu Aug 02 2018 21:12:01 GMT-0700 (Pacific Daylight Time)
[debug] [2018-08-03T04:12:01.909Z] <<< HTTP RESPONSE 200
[info] ✔  database: rules for database contractor-s-business-manager released successfully
[debug] [2018-08-03T04:12:01.911Z] >>> HTTP REQUEST GET https://cloudfunctions.googleapis.com/v1/projects/contractor-s-business-manager/locations/-/functions  
  
 Thu Aug 02 2018 21:12:01 GMT-0700 (Pacific Daylight Time)
[debug] [2018-08-03T04:12:02.822Z] <<< HTTP RESPONSE 200
[info] i  functions: updating Node.js 6 function setClaimsOnNewUser(us-central1)...
[debug] [2018-08-03T04:12:02.826Z] Trigger is:  {"httpsTrigger":{}}
[info] i  functions: updating Node.js 6 function getUserClaims(us-central1)...
[debug] [2018-08-03T04:12:02.826Z] Trigger is:  {"httpsTrigger":{}}
[info] i  functions: updating Node.js 6 function createEmp(us-central1)...
[debug] [2018-08-03T04:12:02.827Z] Trigger is:  {"httpsTrigger":{}}
[debug] [2018-08-03T04:12:02.828Z] >>> HTTP REQUEST PATCH https://cloudfunctions.googleapis.com/v1/projects/contractor-s-business-manager/locations/us-central1/functions/setClaimsOnNewUser 
query params: {"updateMask":"sourceUploadUrl,name,labels,httpsTrigger"} 
 { sourceUploadUrl:
   'https://storage.googleapis.com/gcf-upload-us-central1-12d2f005-3e5b-4c04-9114-98b247a12cde/af7dca02-587d-4958-b417-4312542e26ce.zip?GoogleAccessId=service-843216091731@gcf-admin-robot.iam.gserviceaccount.com&Expires=1533271318&Signature=O8T4Ux%2Bz3%2BbOr1lEK8CvIXJaPXGXx7WTJhB176p191Idwz5ku7dVETMa9NjzRRSBNDRcnCKAOxurMAP%2Bo5g0q620TBfWhFcPkQtscAP6krTyRVF3wmYUyauyqQ46E0nnb%2B1aw%2BZAOrtf9gfdVQmjRrZZ14uhOSXF8hR8g3RgsB4vyzNUp1AKqoNgr%2FKcr8yNqcOXH2CsnaWg0q8wXGI2aOduB%2FaVTAVd271uzi6z4irFc0FTvSv1tILjwkPgQyC1%2B8ctSfaeI1pv%2Fp4xtAl%2BMuIXXOZ3sq%2FX5pSTxCD57tmuV8thx47JDAnRcd3FQ3YEheJBk%2B%2BWhQ4kmKlkY2DStw%3D%3D',
  name:
   'projects/contractor-s-business-manager/locations/us-central1/functions/setClaimsOnNewUser',
  labels: { 'deployment-tool': 'cli-firebase' },
  httpsTrigger: {} } 
 Thu Aug 02 2018 21:12:02 GMT-0700 (Pacific Daylight Time)
[debug] [2018-08-03T04:12:02.830Z] >>> HTTP REQUEST PATCH https://cloudfunctions.googleapis.com/v1/projects/contractor-s-business-manager/locations/us-central1/functions/getUserClaims 
query params: {"updateMask":"sourceUploadUrl,name,labels,httpsTrigger"} 
 { sourceUploadUrl:
   'https://storage.googleapis.com/gcf-upload-us-central1-12d2f005-3e5b-4c04-9114-98b247a12cde/af7dca02-587d-4958-b417-4312542e26ce.zip?GoogleAccessId=service-843216091731@gcf-admin-robot.iam.gserviceaccount.com&Expires=1533271318&Signature=O8T4Ux%2Bz3%2BbOr1lEK8CvIXJaPXGXx7WTJhB176p191Idwz5ku7dVETMa9NjzRRSBNDRcnCKAOxurMAP%2Bo5g0q620TBfWhFcPkQtscAP6krTyRVF3wmYUyauyqQ46E0nnb%2B1aw%2BZAOrtf9gfdVQmjRrZZ14uhOSXF8hR8g3RgsB4vyzNUp1AKqoNgr%2FKcr8yNqcOXH2CsnaWg0q8wXGI2aOduB%2FaVTAVd271uzi6z4irFc0FTvSv1tILjwkPgQyC1%2B8ctSfaeI1pv%2Fp4xtAl%2BMuIXXOZ3sq%2FX5pSTxCD57tmuV8thx47JDAnRcd3FQ3YEheJBk%2B%2BWhQ4kmKlkY2DStw%3D%3D',
  name:
   'projects/contractor-s-business-manager/locations/us-central1/functions/getUserClaims',
  labels: { 'deployment-tool': 'cli-firebase' },
  httpsTrigger: {} } 
 Thu Aug 02 2018 21:12:02 GMT-0700 (Pacific Daylight Time)
[debug] [2018-08-03T04:12:02.830Z] >>> HTTP REQUEST PATCH https://cloudfunctions.googleapis.com/v1/projects/contractor-s-business-manager/locations/us-central1/functions/createEmp 
query params: {"updateMask":"sourceUploadUrl,name,labels,httpsTrigger"} 
 { sourceUploadUrl:
   'https://storage.googleapis.com/gcf-upload-us-central1-12d2f005-3e5b-4c04-9114-98b247a12cde/af7dca02-587d-4958-b417-4312542e26ce.zip?GoogleAccessId=service-843216091731@gcf-admin-robot.iam.gserviceaccount.com&Expires=1533271318&Signature=O8T4Ux%2Bz3%2BbOr1lEK8CvIXJaPXGXx7WTJhB176p191Idwz5ku7dVETMa9NjzRRSBNDRcnCKAOxurMAP%2Bo5g0q620TBfWhFcPkQtscAP6krTyRVF3wmYUyauyqQ46E0nnb%2B1aw%2BZAOrtf9gfdVQmjRrZZ14uhOSXF8hR8g3RgsB4vyzNUp1AKqoNgr%2FKcr8yNqcOXH2CsnaWg0q8wXGI2aOduB%2FaVTAVd271uzi6z4irFc0FTvSv1tILjwkPgQyC1%2B8ctSfaeI1pv%2Fp4xtAl%2BMuIXXOZ3sq%2FX5pSTxCD57tmuV8thx47JDAnRcd3FQ3YEheJBk%2B%2BWhQ4kmKlkY2DStw%3D%3D',
  name:
   'projects/contractor-s-business-manager/locations/us-central1/functions/createEmp',
  labels: { 'deployment-tool': 'cli-firebase' },
  httpsTrigger: {} } 
 Thu Aug 02 2018 21:12:02 GMT-0700 (Pacific Daylight Time)
