[debug] [2018-08-06T01:14:12.081Z] ----------------------------------------------------------------------
[debug] [2018-08-06T01:14:12.084Z] Command:       /Users/chaos/.nvm/versions/node/v6.11.5/bin/node /Users/chaos/.nvm/versions/node/v6.11.5/bin/firebase deploy
[debug] [2018-08-06T01:14:12.085Z] CLI Version:   4.0.2
[debug] [2018-08-06T01:14:12.085Z] Platform:      darwin
[debug] [2018-08-06T01:14:12.085Z] Node Version:  v6.11.5
[debug] [2018-08-06T01:14:12.085Z] Time:          Sun Aug 05 2018 18:14:12 GMT-0700 (PDT)
[debug] [2018-08-06T01:14:12.085Z] ----------------------------------------------------------------------
[debug] 
[debug] [2018-08-06T01:14:12.100Z] > command requires scopes: ["email","openid","https://www.googleapis.com/auth/cloudplatformprojects.readonly","https://www.googleapis.com/auth/firebase","https://www.googleapis.com/auth/cloud-platform"]
[debug] [2018-08-06T01:14:12.100Z] > authorizing via signed-in user
[debug] [2018-08-06T01:14:12.102Z] > refreshing access token with scopes: ["email","https://www.googleapis.com/auth/cloud-platform","https://www.googleapis.com/auth/cloudplatformprojects.readonly","https://www.googleapis.com/auth/firebase","openid"]
[debug] [2018-08-06T01:14:12.103Z] >>> HTTP REQUEST POST https://www.googleapis.com/oauth2/v3/token  
 { refresh_token: '1/qo3KPv8oWkEZQtiBm466Ju7GJN7o0DArpbP5fnli7fZpFYznp6QVg5dEKO_f1LsS',
  client_id: '563584335869-fgrhgmd47bqnekij5i8b5pr03ho849e6.apps.googleusercontent.com',
  client_secret: 'j9iVZfS8kkCEFUPaAeJV0sAi',
  grant_type: 'refresh_token',
  scope: 'email https://www.googleapis.com/auth/cloud-platform https://www.googleapis.com/auth/cloudplatformprojects.readonly https://www.googleapis.com/auth/firebase openid' } 
 Sun Aug 05 2018 18:14:12 GMT-0700 (PDT)
[debug] [2018-08-06T01:14:12.556Z] <<< HTTP RESPONSE 200
[debug] [2018-08-06T01:14:12.571Z] >>> HTTP REQUEST GET https://admin.firebase.com/v1/projects/contractor-s-business-manager  
  
 Sun Aug 05 2018 18:14:12 GMT-0700 (PDT)
[debug] [2018-08-06T01:14:12.975Z] <<< HTTP RESPONSE 200
[debug] [2018-08-06T01:14:12.976Z] >>> HTTP REQUEST GET https://admin.firebase.com/v1/database/contractor-s-business-manager/tokens  
  
 Sun Aug 05 2018 18:14:12 GMT-0700 (PDT)
[debug] [2018-08-06T01:14:13.363Z] <<< HTTP RESPONSE 200
[info] 
[info] === Deploying to 'contractor-s-business-manager'...
[info] 
[info] i  deploying database, functions, hosting
[info] i  database: checking rules syntax...
[debug] [2018-08-06T01:14:16.568Z] >>> HTTP REQUEST PUT https://contractor-s-business-manager.firebaseio.com/.settings/rules.json?dryRun=true  
 {
  "rules": {
    ".read": "auth != null",
    ".write": "auth != null"
  }
} 
 Sun Aug 05 2018 18:14:16 GMT-0700 (PDT)
[debug] [2018-08-06T01:14:16.999Z] <<< HTTP RESPONSE 200
[info] ✔  database: rules syntax for database contractor-s-business-manager is valid
[debug] [2018-08-06T01:14:17.002Z] > [functions] package.json contents: {
  "name": "functions",
  "description": "Cloud Functions for Firebase",
  "scripts": {
    "serve": "sudo firebase serve --only functions",
    "shell": "firebase functions:shell",
    "start": "npm run shell",
    "deploy": "firebase deploy --only functions",
    "logs": "firebase functions:log"
  },
  "dependencies": {
    "firebase-admin": "~5.13.0",
    "firebase-functions": "^2.0.2",
    "crypto-random-string": "1.0.0"
  },
  "private": true
}
[info] i  functions: ensuring necessary APIs are enabled...
[debug] [2018-08-06T01:14:17.004Z] >>> HTTP REQUEST GET https://servicemanagement.googleapis.com/v1/services/cloudfunctions.googleapis.com/projectSettings/contractor-s-business-manager?view=CONSUMER_VIEW  
  
 Sun Aug 05 2018 18:14:17 GMT-0700 (PDT)
[debug] [2018-08-06T01:14:17.004Z] >>> HTTP REQUEST GET https://servicemanagement.googleapis.com/v1/services/runtimeconfig.googleapis.com/projectSettings/contractor-s-business-manager?view=CONSUMER_VIEW  
  
 Sun Aug 05 2018 18:14:17 GMT-0700 (PDT)
[debug] [2018-08-06T01:14:17.817Z] <<< HTTP RESPONSE 200
[debug] [2018-08-06T01:14:17.942Z] <<< HTTP RESPONSE 200
[info] ✔  functions: all necessary APIs are enabled
[debug] [2018-08-06T01:14:17.943Z] >>> HTTP REQUEST GET https://cloudresourcemanager.googleapis.com/v1/projects/contractor-s-business-manager  
  
 Sun Aug 05 2018 18:14:17 GMT-0700 (PDT)
[debug] [2018-08-06T01:14:18.469Z] <<< HTTP RESPONSE 200
[debug] [2018-08-06T01:14:18.470Z] >>> HTTP REQUEST GET https://mobilesdk-pa.googleapis.com/v1/projects/843216091731:getServerAppConfig  
  
 Sun Aug 05 2018 18:14:18 GMT-0700 (PDT)
[debug] [2018-08-06T01:14:19.008Z] <<< HTTP RESPONSE 200
[info] i  functions: preparing functions directory for uploading...
[debug] [2018-08-06T01:14:19.013Z] >>> HTTP REQUEST GET https://runtimeconfig.googleapis.com/v1beta1/projects/contractor-s-business-manager/configs  
  
 Sun Aug 05 2018 18:14:19 GMT-0700 (PDT)
[debug] [2018-08-06T01:14:19.740Z] <<< HTTP RESPONSE 200
[info] i  functions: packaged functions (52.24 KB) for uploading
[debug] [2018-08-06T01:14:20.119Z] >>> HTTP REQUEST POST https://cloudfunctions.googleapis.com/v1/projects/contractor-s-business-manager/locations/us-central1/functions:generateUploadUrl  
  
 Sun Aug 05 2018 18:14:20 GMT-0700 (PDT)
[debug] [2018-08-06T01:14:21.057Z] <<< HTTP RESPONSE 200
[debug] [2018-08-06T01:14:21.059Z] >>> HTTP REQUEST PUT https://storage.googleapis.com/gcf-upload-us-central1-12d2f005-3e5b-4c04-9114-98b247a12cde/3e9757f2-2129-4ae7-9343-bb7d5aff96f3.zip?GoogleAccessId=service-843216091731@gcf-admin-robot.iam.gserviceaccount.com&Expires=1533519860&Signature=OpW%2B71mnMrpI%2Bb1%2By3oc8RnMaj%2FMKNjFFRa1O%2FUbYiubtO9db0NHSlCY%2FHdMDKsuaT%2Fcby1ILyheLMAMqmBVOhO0EGCSzxJ9LTjeFhNFhOBf8HbQQZ%2FQBhUZrABJzoMSC84p7aro7WwhDrVu2jBikNMpmYx0mPeqhoE0c2msOGQslQ%2B0Y7UCkPPuGM4PhAWvb4%2F1N0iEwjef%2BDDGVtRSC1yubdTtJ0yRnTMf6fvKdhF%2F2Lgme%2FTyLZNqb3o9PJBksUxSFOHzn4UtDhYY1ZouZVea5%2FuYDNu9Cq4seM4HTp4PPIq8SERYpkv8v5%2Fs3guE7DITjvmXX8GyZNWNilbDlw%3D%3D  
 ReadStream {
  _readableState: 
   ReadableState {
     objectMode: false,
     highWaterMark: 65536,
     buffer: BufferList { head: [Object], tail: [Object], length: 1 },
     length: 53489,
     pipes: null,
     pipesCount: 0,
     flowing: null,
     ended: true,
     endEmitted: false,
     reading: false,
     sync: false,
     needReadable: false,
     emittedReadable: true,
     readableListening: false,
     resumeScheduled: false,
     defaultEncoding: 'utf8',
     ranOut: false,
     awaitDrain: 0,
     readingMore: false,
     decoder: null,
     encoding: null },
  readable: true,
  domain: null,
  _events: { end: [Function] },
  _eventsCount: 1,
  _maxListeners: undefined,
  path: '/var/folders/k_/tyk02jgd0x54k1ld9n3c9h200000gn/T/firebase-functions-187748cSLzzj5KXcl.zip',
  fd: 19,
  flags: 'r',
  mode: 438,
  start: undefined,
  end: undefined,
  autoClose: true,
  pos: undefined,
  bytesRead: 53489 } 
 Sun Aug 05 2018 18:14:21 GMT-0700 (PDT)
[debug] [2018-08-06T01:14:21.813Z] <<< HTTP RESPONSE 200
[info] ✔  functions: functions folder uploaded successfully
[info] i  hosting: preparing public directory for upload...
[debug] [2018-08-06T01:14:21.888Z] >>> HTTP REQUEST PUT https://deploy.firebase.com/v1/hosting/contractor-s-business-manager/uploads/-LJBn8MSZ8PuXFllxoBQ?fileCount=30&message=  
  
 Sun Aug 05 2018 18:14:21 GMT-0700 (PDT)
[debug] [2018-08-06T01:14:22.840Z] <<< HTTP RESPONSE 200
[debug] [2018-08-06T01:14:22.841Z] [hosting] .tgz uploaded successfully, waiting for extraction
[info] ✔  hosting: 30 files uploaded successfully
[debug] [2018-08-06T01:14:23.644Z] [hosting] deploy completed after 1830ms
[info] i  database: releasing rules...
[debug] [2018-08-06T01:14:23.968Z] >>> HTTP REQUEST PUT https://contractor-s-business-manager.firebaseio.com/.settings/rules.json  
 {
  "rules": {
    ".read": "auth != null",
    ".write": "auth != null"
  }
} 
 Sun Aug 05 2018 18:14:23 GMT-0700 (PDT)
[debug] [2018-08-06T01:14:24.312Z] <<< HTTP RESPONSE 200
[info] ✔  database: rules for database contractor-s-business-manager released successfully
[debug] [2018-08-06T01:14:24.316Z] >>> HTTP REQUEST GET https://cloudfunctions.googleapis.com/v1/projects/contractor-s-business-manager/locations/-/functions  
  
 Sun Aug 05 2018 18:14:24 GMT-0700 (PDT)
[debug] [2018-08-06T01:14:24.948Z] <<< HTTP RESPONSE 200
[info] i  functions: creating Node.js 6 function deleteEmp(us-central1)...
[debug] [2018-08-06T01:14:24.953Z] Trigger is:  {"httpsTrigger":{}}
[info] i  functions: updating Node.js 6 function setClaimsOnNewUser(us-central1)...
[debug] [2018-08-06T01:14:24.954Z] Trigger is:  {"httpsTrigger":{}}
[info] i  functions: updating Node.js 6 function getUserClaims(us-central1)...
[debug] [2018-08-06T01:14:24.955Z] Trigger is:  {"httpsTrigger":{}}
[info] i  functions: updating Node.js 6 function createEmp(us-central1)...
[debug] [2018-08-06T01:14:24.955Z] Trigger is:  {"httpsTrigger":{}}
[debug] [2018-08-06T01:14:24.958Z] >>> HTTP REQUEST POST https://cloudfunctions.googleapis.com/v1/projects/contractor-s-business-manager/locations/us-central1/functions  
 { sourceUploadUrl: 'https://storage.googleapis.com/gcf-upload-us-central1-12d2f005-3e5b-4c04-9114-98b247a12cde/3e9757f2-2129-4ae7-9343-bb7d5aff96f3.zip?GoogleAccessId=service-843216091731@gcf-admin-robot.iam.gserviceaccount.com&Expires=1533519860&Signature=OpW%2B71mnMrpI%2Bb1%2By3oc8RnMaj%2FMKNjFFRa1O%2FUbYiubtO9db0NHSlCY%2FHdMDKsuaT%2Fcby1ILyheLMAMqmBVOhO0EGCSzxJ9LTjeFhNFhOBf8HbQQZ%2FQBhUZrABJzoMSC84p7aro7WwhDrVu2jBikNMpmYx0mPeqhoE0c2msOGQslQ%2B0Y7UCkPPuGM4PhAWvb4%2F1N0iEwjef%2BDDGVtRSC1yubdTtJ0yRnTMf6fvKdhF%2F2Lgme%2FTyLZNqb3o9PJBksUxSFOHzn4UtDhYY1ZouZVea5%2FuYDNu9Cq4seM4HTp4PPIq8SERYpkv8v5%2Fs3guE7DITjvmXX8GyZNWNilbDlw%3D%3D',
  name: 'projects/contractor-s-business-manager/locations/us-central1/functions/deleteEmp',
  entryPoint: 'deleteEmp',
  labels: { 'deployment-tool': 'cli-firebase' },
  runtime: 'nodejs6',
  httpsTrigger: {} } 
 Sun Aug 05 2018 18:14:24 GMT-0700 (PDT)
[debug] [2018-08-06T01:14:24.959Z] >>> HTTP REQUEST PATCH https://cloudfunctions.googleapis.com/v1/projects/contractor-s-business-manager/locations/us-central1/functions/setClaimsOnNewUser 
query params: {"updateMask":"sourceUploadUrl,name,labels,httpsTrigger"} 
 { sourceUploadUrl: 'https://storage.googleapis.com/gcf-upload-us-central1-12d2f005-3e5b-4c04-9114-98b247a12cde/3e9757f2-2129-4ae7-9343-bb7d5aff96f3.zip?GoogleAccessId=service-843216091731@gcf-admin-robot.iam.gserviceaccount.com&Expires=1533519860&Signature=OpW%2B71mnMrpI%2Bb1%2By3oc8RnMaj%2FMKNjFFRa1O%2FUbYiubtO9db0NHSlCY%2FHdMDKsuaT%2Fcby1ILyheLMAMqmBVOhO0EGCSzxJ9LTjeFhNFhOBf8HbQQZ%2FQBhUZrABJzoMSC84p7aro7WwhDrVu2jBikNMpmYx0mPeqhoE0c2msOGQslQ%2B0Y7UCkPPuGM4PhAWvb4%2F1N0iEwjef%2BDDGVtRSC1yubdTtJ0yRnTMf6fvKdhF%2F2Lgme%2FTyLZNqb3o9PJBksUxSFOHzn4UtDhYY1ZouZVea5%2FuYDNu9Cq4seM4HTp4PPIq8SERYpkv8v5%2Fs3guE7DITjvmXX8GyZNWNilbDlw%3D%3D',
  name: 'projects/contractor-s-business-manager/locations/us-central1/functions/setClaimsOnNewUser',
  labels: { 'deployment-tool': 'cli-firebase' },
  httpsTrigger: {} } 
 Sun Aug 05 2018 18:14:24 GMT-0700 (PDT)
[debug] [2018-08-06T01:14:24.961Z] >>> HTTP REQUEST PATCH https://cloudfunctions.googleapis.com/v1/projects/contractor-s-business-manager/locations/us-central1/functions/getUserClaims 
query params: {"updateMask":"sourceUploadUrl,name,labels,httpsTrigger"} 
 { sourceUploadUrl: 'https://storage.googleapis.com/gcf-upload-us-central1-12d2f005-3e5b-4c04-9114-98b247a12cde/3e9757f2-2129-4ae7-9343-bb7d5aff96f3.zip?GoogleAccessId=service-843216091731@gcf-admin-robot.iam.gserviceaccount.com&Expires=1533519860&Signature=OpW%2B71mnMrpI%2Bb1%2By3oc8RnMaj%2FMKNjFFRa1O%2FUbYiubtO9db0NHSlCY%2FHdMDKsuaT%2Fcby1ILyheLMAMqmBVOhO0EGCSzxJ9LTjeFhNFhOBf8HbQQZ%2FQBhUZrABJzoMSC84p7aro7WwhDrVu2jBikNMpmYx0mPeqhoE0c2msOGQslQ%2B0Y7UCkPPuGM4PhAWvb4%2F1N0iEwjef%2BDDGVtRSC1yubdTtJ0yRnTMf6fvKdhF%2F2Lgme%2FTyLZNqb3o9PJBksUxSFOHzn4UtDhYY1ZouZVea5%2FuYDNu9Cq4seM4HTp4PPIq8SERYpkv8v5%2Fs3guE7DITjvmXX8GyZNWNilbDlw%3D%3D',
  name: 'projects/contractor-s-business-manager/locations/us-central1/functions/getUserClaims',
  labels: { 'deployment-tool': 'cli-firebase' },
  httpsTrigger: {} } 
 Sun Aug 05 2018 18:14:24 GMT-0700 (PDT)
[debug] [2018-08-06T01:14:24.962Z] >>> HTTP REQUEST PATCH https://cloudfunctions.googleapis.com/v1/projects/contractor-s-business-manager/locations/us-central1/functions/createEmp 
query params: {"updateMask":"sourceUploadUrl,name,labels,httpsTrigger"} 
 { sourceUploadUrl: 'https://storage.googleapis.com/gcf-upload-us-central1-12d2f005-3e5b-4c04-9114-98b247a12cde/3e9757f2-2129-4ae7-9343-bb7d5aff96f3.zip?GoogleAccessId=service-843216091731@gcf-admin-robot.iam.gserviceaccount.com&Expires=1533519860&Signature=OpW%2B71mnMrpI%2Bb1%2By3oc8RnMaj%2FMKNjFFRa1O%2FUbYiubtO9db0NHSlCY%2FHdMDKsuaT%2Fcby1ILyheLMAMqmBVOhO0EGCSzxJ9LTjeFhNFhOBf8HbQQZ%2FQBhUZrABJzoMSC84p7aro7WwhDrVu2jBikNMpmYx0mPeqhoE0c2msOGQslQ%2B0Y7UCkPPuGM4PhAWvb4%2F1N0iEwjef%2BDDGVtRSC1yubdTtJ0yRnTMf6fvKdhF%2F2Lgme%2FTyLZNqb3o9PJBksUxSFOHzn4UtDhYY1ZouZVea5%2FuYDNu9Cq4seM4HTp4PPIq8SERYpkv8v5%2Fs3guE7DITjvmXX8GyZNWNilbDlw%3D%3D',
  name: 'projects/contractor-s-business-manager/locations/us-central1/functions/createEmp',
  labels: { 'deployment-tool': 'cli-firebase' },
  httpsTrigger: {} } 
 Sun Aug 05 2018 18:14:24 GMT-0700 (PDT)
[debug] [2018-08-06T01:14:25.554Z] <<< HTTP RESPONSE 200
[debug] [2018-08-06T01:14:25.556Z] <<< HTTP RESPONSE 200
[debug] [2018-08-06T01:14:25.557Z] <<< HTTP RESPONSE 200
[debug] [2018-08-06T01:14:25.558Z] <<< HTTP RESPONSE 200
[debug] [2018-08-06T01:14:25.559Z] >>> HTTP REQUEST GET https://cloudfunctions.googleapis.com/v1/projects/contractor-s-business-manager/locations/-/functions  
  
 Sun Aug 05 2018 18:14:25 GMT-0700 (PDT)
[debug] [2018-08-06T01:14:26.269Z] <<< HTTP RESPONSE 200
[debug] [2018-08-06T01:14:26.271Z] >>> HTTP REQUEST GET https://cloudfunctions.googleapis.com/v1/operations/Y29udHJhY3Rvci1zLWJ1c2luZXNzLW1hbmFnZXIvdXMtY2VudHJhbDEvZGVsZXRlRW1wL185RGcyUk50Q1A0  
  
 Sun Aug 05 2018 18:14:26 GMT-0700 (PDT)
[debug] [2018-08-06T01:14:26.272Z] >>> HTTP REQUEST GET https://cloudfunctions.googleapis.com/v1/operations/Y29udHJhY3Rvci1zLWJ1c2luZXNzLW1hbmFnZXIvdXMtY2VudHJhbDEvc2V0Q2xhaW1zT25OZXdVc2VyL0tUWnBjZmt2SERJ  
  
 Sun Aug 05 2018 18:14:26 GMT-0700 (PDT)
[debug] [2018-08-06T01:14:26.272Z] >>> HTTP REQUEST GET https://cloudfunctions.googleapis.com/v1/operations/Y29udHJhY3Rvci1zLWJ1c2luZXNzLW1hbmFnZXIvdXMtY2VudHJhbDEvZ2V0VXNlckNsYWltcy95d3QxZjZNdllvQQ  
  
 Sun Aug 05 2018 18:14:26 GMT-0700 (PDT)
[debug] [2018-08-06T01:14:26.272Z] >>> HTTP REQUEST GET https://cloudfunctions.googleapis.com/v1/operations/Y29udHJhY3Rvci1zLWJ1c2luZXNzLW1hbmFnZXIvdXMtY2VudHJhbDEvY3JlYXRlRW1wL0VPUEVxQTlrSlZV  
  
 Sun Aug 05 2018 18:14:26 GMT-0700 (PDT)
[debug] [2018-08-06T01:14:26.561Z] <<< HTTP RESPONSE 200
[debug] [2018-08-06T01:14:26.573Z] <<< HTTP RESPONSE 200
[debug] [2018-08-06T01:14:26.574Z] <<< HTTP RESPONSE 200
[debug] [2018-08-06T01:14:26.585Z] <<< HTTP RESPONSE 200
[debug] [2018-08-06T01:14:28.566Z] >>> HTTP REQUEST GET https://cloudfunctions.googleapis.com/v1/operations/Y29udHJhY3Rvci1zLWJ1c2luZXNzLW1hbmFnZXIvdXMtY2VudHJhbDEvZGVsZXRlRW1wL185RGcyUk50Q1A0  
  
 Sun Aug 05 2018 18:14:28 GMT-0700 (PDT)
[debug] [2018-08-06T01:14:28.577Z] >>> HTTP REQUEST GET https://cloudfunctions.googleapis.com/v1/operations/Y29udHJhY3Rvci1zLWJ1c2luZXNzLW1hbmFnZXIvdXMtY2VudHJhbDEvc2V0Q2xhaW1zT25OZXdVc2VyL0tUWnBjZmt2SERJ  
  
 Sun Aug 05 2018 18:14:28 GMT-0700 (PDT)
[debug] [2018-08-06T01:14:28.578Z] >>> HTTP REQUEST GET https://cloudfunctions.googleapis.com/v1/operations/Y29udHJhY3Rvci1zLWJ1c2luZXNzLW1hbmFnZXIvdXMtY2VudHJhbDEvZ2V0VXNlckNsYWltcy95d3QxZjZNdllvQQ  
  
 Sun Aug 05 2018 18:14:28 GMT-0700 (PDT)
[debug] [2018-08-06T01:14:28.587Z] >>> HTTP REQUEST GET https://cloudfunctions.googleapis.com/v1/operations/Y29udHJhY3Rvci1zLWJ1c2luZXNzLW1hbmFnZXIvdXMtY2VudHJhbDEvY3JlYXRlRW1wL0VPUEVxQTlrSlZV  
  
 Sun Aug 05 2018 18:14:28 GMT-0700 (PDT)
